TN:
SF:E:\www\yyt\demos\Jest-Enzyme\src\component\CheckboxWithLabel\CheckboxWithLabel.js
FN:4,(anonymous_0)
FN:13,(anonymous_1)
FN:17,(anonymous_2)
FNF:3
FNH:3
FNDA:1,(anonymous_0)
FNDA:1,(anonymous_1)
FNDA:2,(anonymous_2)
DA:5,1
DA:6,1
DA:10,1
DA:14,1
DA:18,2
LF:5
LH:5
BRDA:25,0,0,1
BRDA:25,0,1,1
BRF:2
BRH:2
end_of_record
TN:
SF:E:\www\yyt\demos\Jest-Enzyme\src\component\Link\Link.js
FN:10,(anonymous_0)
FN:21,(anonymous_1)
FN:25,(anonymous_2)
FN:29,(anonymous_3)
FNF:4
FNH:4
FNDA:1,(anonymous_0)
FNDA:1,(anonymous_1)
FNDA:1,(anonymous_2)
FNDA:3,(anonymous_3)
DA:4,1
DA:11,1
DA:13,1
DA:14,1
DA:16,1
DA:22,1
DA:26,1
DA:30,3
LF:8
LH:8
BRDA:33,0,0,3
BRDA:33,0,1,0
BRF:2
BRH:1
end_of_record
